[1116/134639.039:ERROR:process_memory_win.cc(73)] ReadMemory at 0x294e17332d0 of 6656 bytes failed: Only part of a ReadProcessMemory or WriteProcessMemory request was completed. (0x12B)
[1116/134639.041:ERROR:process_snapshot_win.cc(322)] failed to read unloaded module data
[1116/134639.048:ERROR:process_memory_win.cc(73)] ReadMemory at 0x7ff7aab90000 of 64 bytes failed: Only part of a ReadProcessMemory or WriteProcessMemory request was completed. (0x12B)
[1116/134639.048:WARNING:pe_image_reader.cc(340)] could not read dos header from C:\Program Files (x86)\Google\Chrome\Application\chrome.exe
[1116/134639.048:ERROR:process_memory_win.cc(73)] ReadMemory at 0x7ffece870000 of 64 bytes failed: Only part of a ReadProcessMemory or WriteProcessMemory request was completed. (0x12B)
[1116/134639.049:WARNING:pe_image_reader.cc(340)] could not read dos header from C:\Program Files (x86)\Google\Chrome\Application\78.0.3904.97\chrome_child.dll
[1116/134639.051:ERROR:process_memory_win.cc(73)] ReadMemory at 0x7ff7aab90000 of 64 bytes failed: Only part of a ReadProcessMemory or WriteProcessMemory request was completed. (0x12B)
[1116/134639.051:WARNING:pe_image_reader.cc(340)] could not read dos header from C:\Program Files (x86)\Google\Chrome\Application\chrome.exe
[1116/134639.051:ERROR:process_memory_win.cc(73)] ReadMemory at 0x7ff7aab90000 of 64 bytes failed: Only part of a ReadProcessMemory or WriteProcessMemory request was completed. (0x12B)
[1116/134639.051:WARNING:pe_image_reader.cc(340)] could not read dos header from C:\Program Files (x86)\Google\Chrome\Application\chrome.exe
[1116/134639.051:ERROR:process_memory_win.cc(73)] ReadMemory at 0x294e18c3770 of 72 bytes failed: Only part of a ReadProcessMemory or WriteProcessMemory request was completed. (0x12B)
[1116/134639.051:WARNING:pe_image_annotations_reader.cc(134)] could not read annotations list object in C:\Program Files (x86)\Google\Chrome\Application\78.0.3904.97\chrome_elf.dll
[1116/134639.052:ERROR:process_memory_win.cc(73)] ReadMemory at 0x7ffece870000 of 64 bytes failed: Only part of a ReadProcessMemory or WriteProcessMemory request was completed. (0x12B)
[1116/134639.052:WARNING:pe_image_reader.cc(340)] could not read dos header from C:\Program Files (x86)\Google\Chrome\Application\78.0.3904.97\chrome_child.dll
[1116/134639.052:ERROR:process_memory_win.cc(73)] ReadMemory at 0x7ffece870000 of 64 bytes failed: Only part of a ReadProcessMemory or WriteProcessMemory request was completed. (0x12B)
[1116/134639.052:WARNING:pe_image_reader.cc(340)] could not read dos header from C:\Program Files (x86)\Google\Chrome\Application\78.0.3904.97\chrome_child.dll
[1116/134639.159:ERROR:process_memory_win.cc(73)] ReadMemory at 0x7ff7aab90000 of 64 bytes failed: Only part of a ReadProcessMemory or WriteProcessMemory request was completed. (0x12B)
[1116/134639.159:WARNING:pe_image_reader.cc(340)] could not read dos header from C:\Program Files (x86)\Google\Chrome\Application\chrome.exe
[1116/134639.159:ERROR:process_memory_win.cc(73)] ReadMemory at 0x7fff57c60000 of 64 bytes failed: Only part of a ReadProcessMemory or WriteProcessMemory request was completed. (0x12B)
[1116/134639.159:WARNING:pe_image_reader.cc(340)] could not read dos header from C:\WINDOWS\SYSTEM32\ntdll.dll
[1116/134639.159:ERROR:process_memory_win.cc(73)] ReadMemory at 0x7fff56190000 of 64 bytes failed: Only part of a ReadProcessMemory or WriteProcessMemory request was completed. (0x12B)
[1116/134639.159:WARNING:pe_image_reader.cc(340)] could not read dos header from C:\WINDOWS\System32\KERNEL32.DLL
[1116/134639.159:ERROR:process_memory_win.cc(73)] ReadMemory at 0x7fff55840000 of 64 bytes failed: Only part of a ReadProcessMemory or WriteProcessMemory request was completed. (0x12B)
[1116/134639.159:WARNING:pe_image_reader.cc(340)] could not read dos header from C:\WINDOWS\System32\KERNELBASE.dll
[1116/134639.159:ERROR:process_memory_win.cc(73)] ReadMemory at 0x7fff206f0000 of 64 bytes failed: Only part of a ReadProcessMemory or WriteProcessMemory request was completed. (0x12B)
[1116/134639.159:WARNING:pe_image_reader.cc(340)] could not read dos header from C:\Program Files (x86)\Google\Chrome\Application\78.0.3904.97\chrome_elf.dll
[1116/134639.159:ERROR:process_memory_win.cc(73)] ReadMemory at 0x7fff43160000 of 64 bytes failed: Only part of a ReadProcessMemory or WriteProcessMemory request was completed. (0x12B)
[1116/134639.160:WARNING:pe_image_reader.cc(340)] could not read dos header from C:\WINDOWS\SYSTEM32\VERSION.dll
[1116/134639.160:ERROR:process_memory_win.cc(73)] ReadMemory at 0x7fff56ab0000 of 64 bytes failed: Only part of a ReadProcessMemory or WriteProcessMemory request was completed. (0x12B)
[1116/134639.160:WARNING:pe_image_reader.cc(340)] could not read dos header from C:\WINDOWS\System32\msvcrt.dll
[1116/134639.160:ERROR:process_memory_win.cc(73)] ReadMemory at 0x7fff55c90000 of 64 bytes failed: Only part of a ReadProcessMemory or WriteProcessMemory request was completed. (0x12B)
[1116/134639.160:WARNING:pe_image_reader.cc(340)] could not read dos header from C:\WINDOWS\System32\bcryptPrimitives.dll
[1116/134639.160:ERROR:process_memory_win.cc(73)] ReadMemory at 0x7fff56a00000 of 64 bytes failed: Only part of a ReadProcessMemory or WriteProcessMemory request was completed. (0x12B)
[1116/134639.160:WARNING:pe_image_reader.cc(340)] could not read dos header from C:\WINDOWS\System32\ADVAPI32.dll
[1116/134639.160:ERROR:process_memory_win.cc(73)] ReadMemory at 0x7fff57770000 of 64 bytes failed: Only part of a ReadProcessMemory or WriteProcessMemory request was completed. (0x12B)
[1116/134639.160:WARNING:pe_image_reader.cc(340)] could not read dos header from C:\WINDOWS\System32\sechost.dll
[1116/134639.160:ERROR:process_memory_win.cc(73)] ReadMemory at 0x7fff57b00000 of 64 bytes failed: Only part of a ReadProcessMemory or WriteProcessMemory request was completed. (0x12B)
[1116/134639.160:WARNING:pe_image_reader.cc(340)] could not read dos header from C:\WINDOWS\System32\RPCRT4.dll
[1116/134639.160:ERROR:process_memory_win.cc(73)] ReadMemory at 0x7ffece870000 of 64 bytes failed: Only part of a ReadProcessMemory or WriteProcessMemory request was completed. (0x12B)
[1116/134639.160:WARNING:pe_image_reader.cc(340)] could not read dos header from C:\Program Files (x86)\Google\Chrome\Application\78.0.3904.97\chrome_child.dll
[1116/134639.160:ERROR:process_memory_win.cc(73)] ReadMemory at 0x7fff56930000 of 64 bytes failed: Only part of a ReadProcessMemory or WriteProcessMemory request was completed. (0x12B)
[1116/134639.160:WARNING:pe_image_reader.cc(340)] could not read dos header from C:\WINDOWS\System32\OLEAUT32.dll
[1116/134639.161:ERROR:process_memory_win.cc(73)] ReadMemory at 0x7fff55bf0000 of 64 bytes failed: Only part of a ReadProcessMemory or WriteProcessMemory request was completed. (0x12B)
[1116/134639.161:WARNING:pe_image_reader.cc(340)] could not read dos header from C:\WINDOWS\System32\msvcp_win.dll
[1116/134639.161:ERROR:process_memory_win.cc(73)] ReadMemory at 0x7fff54e20000 of 64 bytes failed: Only part of a ReadProcessMemory or WriteProcessMemory request was completed. (0x12B)
[1116/134639.161:WARNING:pe_image_reader.cc(340)] could not read dos header from C:\WINDOWS\System32\ucrtbase.dll
[1116/134639.161:ERROR:process_memory_win.cc(73)] ReadMemory at 0x7fff55d70000 of 64 bytes failed: Only part of a ReadProcessMemory or WriteProcessMemory request was completed. (0x12B)
[1116/134639.161:WARNING:pe_image_reader.cc(340)] could not read dos header from C:\WINDOWS\System32\combase.dll
[1116/134639.161:ERROR:process_memory_win.cc(73)] ReadMemory at 0x7fff576a0000 of 64 bytes failed: Only part of a ReadProcessMemory or WriteProcessMemory request was completed. (0x12B)
[1116/134639.161:WARNING:pe_image_reader.cc(340)] could not read dos header from C:\WINDOWS\System32\WS2_32.dll
[1116/134639.161:ERROR:process_memory_win.cc(73)] ReadMemory at 0x7fff54bf0000 of 64 bytes failed: Only part of a ReadProcessMemory or WriteProcessMemory request was completed. (0x12B)
[1116/134639.161:WARNING:pe_image_reader.cc(340)] could not read dos header from C:\WINDOWS\System32\WINTRUST.dll
[1116/134639.161:ERROR:process_memory_win.cc(73)] ReadMemory at 0x7fff54bb0000 of 64 bytes failed: Only part of a ReadProcessMemory or WriteProcessMemory request was completed. (0x12B)
[1116/134639.161:WARNING:pe_image_reader.cc(340)] could not read dos header from C:\WINDOWS\System32\MSASN1.dll
[1116/134639.161:ERROR:process_memory_win.cc(73)] ReadMemory at 0x7fff556f0000 of 64 bytes failed: Only part of a ReadProcessMemory or WriteProcessMemory request was completed. (0x12B)
[1116/134639.161:WARNING:pe_image_reader.cc(340)] could not read dos header from C:\WINDOWS\System32\CRYPT32.dll
[1116/134639.161:ERROR:process_memory_win.cc(73)] ReadMemory at 0x7fff54070000 of 64 bytes failed: Only part of a ReadProcessMemory or WriteProcessMemory request was completed. (0x12B)
[1116/134639.161:WARNING:pe_image_reader.cc(340)] could not read dos header from C:\WINDOWS\SYSTEM32\IPHLPAPI.DLL
[1116/134639.162:ERROR:process_memory_win.cc(73)] ReadMemory at 0x7fff517f0000 of 64 bytes failed: Only part of a ReadProcessMemory or WriteProcessMemory request was completed. (0x12B)
[1116/134639.162:WARNING:pe_image_reader.cc(340)] could not read dos header from C:\WINDOWS\SYSTEM32\WINMM.dll
[1116/134639.162:ERROR:process_memory_win.cc(73)] ReadMemory at 0x7fff54a20000 of 64 bytes failed: Only part of a ReadProcessMemory or WriteProcessMemory request was completed. (0x12B)
[1116/134639.162:WARNING:pe_image_reader.cc(340)] could not read dos header from C:\WINDOWS\SYSTEM32\USERENV.dll
[1116/134639.162:ERROR:process_memory_win.cc(73)] ReadMemory at 0x7fff54bd0000 of 64 bytes failed: Only part of a ReadProcessMemory or WriteProcessMemory request was completed. (0x12B)
[1116/134639.162:WARNING:pe_image_reader.cc(340)] could not read dos header from C:\WINDOWS\System32\profapi.dll
[1116/134639.162:ERROR:process_memory_win.cc(73)] ReadMemory at 0x7fff2b620000 of 64 bytes failed: Only part of a ReadProcessMemory or WriteProcessMemory request was completed. (0x12B)
[1116/134639.162:WARNING:pe_image_reader.cc(340)] could not read dos header from C:\WINDOWS\SYSTEM32\DWrite.dll
[1116/134639.162:ERROR:process_memory_win.cc(73)] ReadMemory at 0x7fff42e30000 of 64 bytes failed: Only part of a ReadProcessMemory or WriteProcessMemory request was completed. (0x12B)
[1116/134639.162:WARNING:pe_image_reader.cc(340)] could not read dos header from C:\WINDOWS\SYSTEM32\WINSPOOL.DRV
[1116/134639.162:ERROR:process_memory_win.cc(73)] ReadMemory at 0x7fff54b90000 of 64 bytes failed: Only part of a ReadProcessMemory or WriteProcessMemory request was completed. (0x12B)
[1116/134639.162:WARNING:pe_image_reader.cc(340)] could not read dos header from C:\WINDOWS\System32\kernel.appcore.dll
[1116/134639.162:ERROR:process_memory_win.cc(73)] ReadMemory at 0x7fff54df0000 of 64 bytes failed: Only part of a ReadProcessMemory or WriteProcessMemory request was completed. (0x12B)
[1116/134639.162:WARNING:pe_image_reader.cc(340)] could not read dos header from C:\WINDOWS\System32\bcrypt.dll
[1116/134639.162:ERROR:process_memory_win.cc(73)] ReadMemory at 0x7fff53380000 of 64 bytes failed: Only part of a ReadProcessMemory or WriteProcessMemory request was completed. (0x12B)
[1116/134639.162:WARNING:pe_image_reader.cc(340)] could not read dos header from C:\WINDOWS\SYSTEM32\dbghelp.dll
[1116/134639.163:ERROR:process_memory_win.cc(73)] ReadMemory at 0x7fff3d4a0000 of 64 bytes failed: Only part of a ReadProcessMemory or WriteProcessMemory request was completed. (0x12B)
[1116/134639.163:WARNING:pe_image_reader.cc(340)] could not read dos header from C:\WINDOWS\SYSTEM32\Secur32.dll
[1116/134639.163:ERROR:process_memory_win.cc(73)] ReadMemory at 0x7fff4f460000 of 64 bytes failed: Only part of a ReadProcessMemory or WriteProcessMemory request was completed. (0x12B)
[1116/134639.163:WARNING:pe_image_reader.cc(340)] could not read dos header from C:\WINDOWS\SYSTEM32\WINHTTP.dll
[1116/134639.163:ERROR:process_memory_win.cc(73)] ReadMemory at 0x7fff49250000 of 64 bytes failed: Only part of a ReadProcessMemory or WriteProcessMemory request was completed. (0x12B)
[1116/134639.163:WARNING:pe_image_reader.cc(340)] could not read dos header from C:\WINDOWS\SYSTEM32\dhcpcsvc.DLL
[1116/134639.163:ERROR:process_memory_win.cc(73)] ReadMemory at 0x7fff57810000 of 64 bytes failed: Only part of a ReadProcessMemory or WriteProcessMemory request was completed. (0x12B)
[1116/134639.163:WARNING:pe_image_reader.cc(340)] could not read dos header from C:\WINDOWS\System32\NSI.dll
[1116/134639.163:ERROR:process_memory_win.cc(73)] ReadMemory at 0x7fff517c0000 of 64 bytes failed: Only part of a ReadProcessMemory or WriteProcessMemory request was completed. (0x12B)
[1116/134639.163:WARNING:pe_image_reader.cc(340)] could not read dos header from C:\WINDOWS\SYSTEM32\WINMMBASE.dll
[1116/134639.163:ERROR:process_memory_win.cc(73)] ReadMemory at 0x7fff55ba0000 of 64 bytes failed: Only part of a ReadProcessMemory or WriteProcessMemory request was completed. (0x12B)
[1116/134639.163:WARNING:pe_image_reader.cc(340)] could not read dos header from C:\WINDOWS\System32\cfgmgr32.dll
[1116/134639.163:ERROR:process_memory_win.cc(73)] ReadMemory at 0x7fff50f40000 of 64 bytes failed: Only part of a ReadProcessMemory or WriteProcessMemory request was completed. (0x12B)
[1116/134639.163:WARNING:pe_image_reader.cc(340)] could not read dos header from C:\WINDOWS\SYSTEM32\PROPSYS.dll
[1116/134639.163:ERROR:process_memory_win.cc(73)] ReadMemory at 0x7fff560e0000 of 64 bytes failed: Only part of a ReadProcessMemory or WriteProcessMemory request was completed. (0x12B)
[1116/134639.163:WARNING:pe_image_reader.cc(340)] could not read dos header from C:\WINDOWS\System32\shcore.dll
[1116/134639.164:ERROR:process_memory_win.cc(73)] ReadMemory at 0x7fff54a50000 of 64 bytes failed: Only part of a ReadProcessMemory or WriteProcessMemory request was completed. (0x12B)
[1116/134639.164:WARNING:pe_image_reader.cc(340)] could not read dos header from C:\WINDOWS\SYSTEM32\SSPICLI.DLL
[1116/134639.164:ERROR:process_memory_win.cc(73)] ReadMemory at 0x7fff544d0000 of 64 bytes failed: Only part of a ReadProcessMemory or WriteProcessMemory request was completed. (0x12B)
[1116/134639.164:WARNING:pe_image_reader.cc(340)] could not read dos header from C:\WINDOWS\SYSTEM32\CRYPTBASE.DLL
[1116/134639.164:ERROR:process_memory_win.cc(73)] ReadMemory at 0x7ff7aab90000 of 64 bytes failed: Only part of a ReadProcessMemory or WriteProcessMemory request was completed. (0x12B)
[1116/134639.164:WARNING:pe_image_reader.cc(340)] could not read dos header from C:\Program Files (x86)\Google\Chrome\Application\chrome.exe
[1116/134639.164:ERROR:process_memory_win.cc(73)] ReadMemory at 0x7fff57c60000 of 64 bytes failed: Only part of a ReadProcessMemory or WriteProcessMemory request was completed. (0x12B)
[1116/134639.164:WARNING:pe_image_reader.cc(340)] could not read dos header from C:\WINDOWS\SYSTEM32\ntdll.dll
[1116/134639.164:ERROR:process_memory_win.cc(73)] ReadMemory at 0x7fff56190000 of 64 bytes failed: Only part of a ReadProcessMemory or WriteProcessMemory request was completed. (0x12B)
[1116/134639.164:WARNING:pe_image_reader.cc(340)] could not read dos header from C:\WINDOWS\System32\KERNEL32.DLL
[1116/134639.164:ERROR:process_memory_win.cc(73)] ReadMemory at 0x7fff55840000 of 64 bytes failed: Only part of a ReadProcessMemory or WriteProcessMemory request was completed. (0x12B)
[1116/134639.164:WARNING:pe_image_reader.cc(340)] could not read dos header from C:\WINDOWS\System32\KERNELBASE.dll
[1116/134639.164:ERROR:process_memory_win.cc(73)] ReadMemory at 0x7fff206f0000 of 64 bytes failed: Only part of a ReadProcessMemory or WriteProcessMemory request was completed. (0x12B)
[1116/134639.164:WARNING:pe_image_reader.cc(340)] could not read dos header from C:\Program Files (x86)\Google\Chrome\Application\78.0.3904.97\chrome_elf.dll
[1116/134639.164:ERROR:process_memory_win.cc(73)] ReadMemory at 0x7fff43160000 of 64 bytes failed: Only part of a ReadProcessMemory or WriteProcessMemory request was completed. (0x12B)
[1116/134639.164:WARNING:pe_image_reader.cc(340)] could not read dos header from C:\WINDOWS\SYSTEM32\VERSION.dll
[1116/134639.165:ERROR:process_memory_win.cc(73)] ReadMemory at 0x7fff56ab0000 of 64 bytes failed: Only part of a ReadProcessMemory or WriteProcessMemory request was completed. (0x12B)
[1116/134639.165:WARNING:pe_image_reader.cc(340)] could not read dos header from C:\WINDOWS\System32\msvcrt.dll
[1116/134639.165:ERROR:process_memory_win.cc(73)] ReadMemory at 0x7fff55c90000 of 64 bytes failed: Only part of a ReadProcessMemory or WriteProcessMemory request was completed. (0x12B)
[1116/134639.165:WARNING:pe_image_reader.cc(340)] could not read dos header from C:\WINDOWS\System32\bcryptPrimitives.dll
[1116/134639.165:ERROR:process_memory_win.cc(73)] ReadMemory at 0x7fff56a00000 of 64 bytes failed: Only part of a ReadProcessMemory or WriteProcessMemory request was completed. (0x12B)
[1116/134639.165:WARNING:pe_image_reader.cc(340)] could not read dos header from C:\WINDOWS\System32\ADVAPI32.dll
[1116/134639.165:ERROR:process_memory_win.cc(73)] ReadMemory at 0x7fff57770000 of 64 bytes failed: Only part of a ReadProcessMemory or WriteProcessMemory request was completed. (0x12B)
[1116/134639.165:WARNING:pe_image_reader.cc(340)] could not read dos header from C:\WINDOWS\System32\sechost.dll
[1116/134639.165:ERROR:process_memory_win.cc(73)] ReadMemory at 0x7fff57b00000 of 64 bytes failed: Only part of a ReadProcessMemory or WriteProcessMemory request was completed. (0x12B)
[1116/134639.165:WARNING:pe_image_reader.cc(340)] could not read dos header from C:\WINDOWS\System32\RPCRT4.dll
[1116/134639.165:ERROR:process_memory_win.cc(73)] ReadMemory at 0x7ffece870000 of 64 bytes failed: Only part of a ReadProcessMemory or WriteProcessMemory request was completed. (0x12B)
[1116/134639.165:WARNING:pe_image_reader.cc(340)] could not read dos header from C:\Program Files (x86)\Google\Chrome\Application\78.0.3904.97\chrome_child.dll
[1116/134639.165:ERROR:process_memory_win.cc(73)] ReadMemory at 0x7fff56930000 of 64 bytes failed: Only part of a ReadProcessMemory or WriteProcessMemory request was completed. (0x12B)
[1116/134639.165:WARNING:pe_image_reader.cc(340)] could not read dos header from C:\WINDOWS\System32\OLEAUT32.dll
[1116/134639.165:ERROR:process_memory_win.cc(73)] ReadMemory at 0x7fff55bf0000 of 64 bytes failed: Only part of a ReadProcessMemory or WriteProcessMemory request was completed. (0x12B)
[1116/134639.166:WARNING:pe_image_reader.cc(340)] could not read dos header from C:\WINDOWS\System32\msvcp_win.dll
[1116/134639.166:ERROR:process_memory_win.cc(73)] ReadMemory at 0x7fff54e20000 of 64 bytes failed: Only part of a ReadProcessMemory or WriteProcessMemory request was completed. (0x12B)
[1116/134639.166:WARNING:pe_image_reader.cc(340)] could not read dos header from C:\WINDOWS\System32\ucrtbase.dll
[1116/134639.166:ERROR:process_memory_win.cc(73)] ReadMemory at 0x7fff55d70000 of 64 bytes failed: Only part of a ReadProcessMemory or WriteProcessMemory request was completed. (0x12B)
[1116/134639.166:WARNING:pe_image_reader.cc(340)] could not read dos header from C:\WINDOWS\System32\combase.dll
[1116/134639.166:ERROR:process_memory_win.cc(73)] ReadMemory at 0x7fff576a0000 of 64 bytes failed: Only part of a ReadProcessMemory or WriteProcessMemory request was completed. (0x12B)
[1116/134639.166:WARNING:pe_image_reader.cc(340)] could not read dos header from C:\WINDOWS\System32\WS2_32.dll
[1116/134639.166:ERROR:process_memory_win.cc(73)] ReadMemory at 0x7fff54bf0000 of 64 bytes failed: Only part of a ReadProcessMemory or WriteProcessMemory request was completed. (0x12B)
[1116/134639.166:WARNING:pe_image_reader.cc(340)] could not read dos header from C:\WINDOWS\System32\WINTRUST.dll
[1116/134639.166:ERROR:process_memory_win.cc(73)] ReadMemory at 0x7fff54bb0000 of 64 bytes failed: Only part of a ReadProcessMemory or WriteProcessMemory request was completed. (0x12B)
[1116/134639.166:WARNING:pe_image_reader.cc(340)] could not read dos header from C:\WINDOWS\System32\MSASN1.dll
[1116/134639.166:ERROR:process_memory_win.cc(73)] ReadMemory at 0x7fff556f0000 of 64 bytes failed: Only part of a ReadProcessMemory or WriteProcessMemory request was completed. (0x12B)
[1116/134639.166:WARNING:pe_image_reader.cc(340)] could not read dos header from C:\WINDOWS\System32\CRYPT32.dll
[1116/134639.166:ERROR:process_memory_win.cc(73)] ReadMemory at 0x7fff54070000 of 64 bytes failed: Only part of a ReadProcessMemory or WriteProcessMemory request was completed. (0x12B)
[1116/134639.166:WARNING:pe_image_reader.cc(340)] could not read dos header from C:\WINDOWS\SYSTEM32\IPHLPAPI.DLL
[1116/134639.167:ERROR:process_memory_win.cc(73)] ReadMemory at 0x7fff517f0000 of 64 bytes failed: Only part of a ReadProcessMemory or WriteProcessMemory request was completed. (0x12B)
[1116/134639.167:WARNING:pe_image_reader.cc(340)] could not read dos header from C:\WINDOWS\SYSTEM32\WINMM.dll
[1116/134639.167:ERROR:process_memory_win.cc(73)] ReadMemory at 0x7fff54a20000 of 64 bytes failed: Only part of a ReadProcessMemory or WriteProcessMemory request was completed. (0x12B)
[1116/134639.167:WARNING:pe_image_reader.cc(340)] could not read dos header from C:\WINDOWS\SYSTEM32\USERENV.dll
[1116/134639.167:ERROR:process_memory_win.cc(73)] ReadMemory at 0x7fff54bd0000 of 64 bytes failed: Only part of a ReadProcessMemory or WriteProcessMemory request was completed. (0x12B)
[1116/134639.167:WARNING:pe_image_reader.cc(340)] could not read dos header from C:\WINDOWS\System32\profapi.dll
[1116/134639.167:ERROR:process_memory_win.cc(73)] ReadMemory at 0x7fff2b620000 of 64 bytes failed: Only part of a ReadProcessMemory or WriteProcessMemory request was completed. (0x12B)
[1116/134639.167:WARNING:pe_image_reader.cc(340)] could not read dos header from C:\WINDOWS\SYSTEM32\DWrite.dll
[1116/134639.167:ERROR:process_memory_win.cc(73)] ReadMemory at 0x7fff42e30000 of 64 bytes failed: Only part of a ReadProcessMemory or WriteProcessMemory request was completed. (0x12B)
[1116/134639.167:WARNING:pe_image_reader.cc(340)] could not read dos header from C:\WINDOWS\SYSTEM32\WINSPOOL.DRV
[1116/134639.167:ERROR:process_memory_win.cc(73)] ReadMemory at 0x7fff54b90000 of 64 bytes failed: Only part of a ReadProcessMemory or WriteProcessMemory request was completed. (0x12B)
[1116/134639.167:WARNING:pe_image_reader.cc(340)] could not read dos header from C:\WINDOWS\System32\kernel.appcore.dll
[1116/134639.167:ERROR:process_memory_win.cc(73)] ReadMemory at 0x7fff54df0000 of 64 bytes failed: Only part of a ReadProcessMemory or WriteProcessMemory request was completed. (0x12B)
[1116/134639.167:WARNING:pe_image_reader.cc(340)] could not read dos header from C:\WINDOWS\System32\bcrypt.dll
[1116/134639.167:ERROR:process_memory_win.cc(73)] ReadMemory at 0x7fff53380000 of 64 bytes failed: Only part of a ReadProcessMemory or WriteProcessMemory request was completed. (0x12B)
[1116/134639.167:WARNING:pe_image_reader.cc(340)] could not read dos header from C:\WINDOWS\SYSTEM32\dbghelp.dll
[1116/134639.168:ERROR:process_memory_win.cc(73)] ReadMemory at 0x7fff3d4a0000 of 64 bytes failed: Only part of a ReadProcessMemory or WriteProcessMemory request was completed. (0x12B)
[1116/134639.168:WARNING:pe_image_reader.cc(340)] could not read dos header from C:\WINDOWS\SYSTEM32\Secur32.dll
[1116/134639.168:ERROR:process_memory_win.cc(73)] ReadMemory at 0x7fff4f460000 of 64 bytes failed: Only part of a ReadProcessMemory or WriteProcessMemory request was completed. (0x12B)
[1116/134639.168:WARNING:pe_image_reader.cc(340)] could not read dos header from C:\WINDOWS\SYSTEM32\WINHTTP.dll
[1116/134639.168:ERROR:process_memory_win.cc(73)] ReadMemory at 0x7fff49250000 of 64 bytes failed: Only part of a ReadProcessMemory or WriteProcessMemory request was completed. (0x12B)
[1116/134639.168:WARNING:pe_image_reader.cc(340)] could not read dos header from C:\WINDOWS\SYSTEM32\dhcpcsvc.DLL
[1116/134639.168:ERROR:process_memory_win.cc(73)] ReadMemory at 0x7fff57810000 of 64 bytes failed: Only part of a ReadProcessMemory or WriteProcessMemory request was completed. (0x12B)
[1116/134639.168:WARNING:pe_image_reader.cc(340)] could not read dos header from C:\WINDOWS\System32\NSI.dll
[1116/134639.168:ERROR:process_memory_win.cc(73)] ReadMemory at 0x7fff517c0000 of 64 bytes failed: Only part of a ReadProcessMemory or WriteProcessMemory request was completed. (0x12B)
[1116/134639.168:WARNING:pe_image_reader.cc(340)] could not read dos header from C:\WINDOWS\SYSTEM32\WINMMBASE.dll
[1116/134639.168:ERROR:process_memory_win.cc(73)] ReadMemory at 0x7fff55ba0000 of 64 bytes failed: Only part of a ReadProcessMemory or WriteProcessMemory request was completed. (0x12B)
[1116/134639.168:WARNING:pe_image_reader.cc(340)] could not read dos header from C:\WINDOWS\System32\cfgmgr32.dll
[1116/134639.168:ERROR:process_memory_win.cc(73)] ReadMemory at 0x7fff50f40000 of 64 bytes failed: Only part of a ReadProcessMemory or WriteProcessMemory request was completed. (0x12B)
[1116/134639.168:WARNING:pe_image_reader.cc(340)] could not read dos header from C:\WINDOWS\SYSTEM32\PROPSYS.dll
[1116/134639.168:ERROR:process_memory_win.cc(73)] ReadMemory at 0x7fff560e0000 of 64 bytes failed: Only part of a ReadProcessMemory or WriteProcessMemory request was completed. (0x12B)
[1116/134639.168:WARNING:pe_image_reader.cc(340)] could not read dos header from C:\WINDOWS\System32\shcore.dll
[1116/134639.168:ERROR:process_memory_win.cc(73)] ReadMemory at 0x7fff54a50000 of 64 bytes failed: Only part of a ReadProcessMemory or WriteProcessMemory request was completed. (0x12B)
[1116/134639.169:WARNING:pe_image_reader.cc(340)] could not read dos header from C:\WINDOWS\SYSTEM32\SSPICLI.DLL
[1116/134639.169:ERROR:process_memory_win.cc(73)] ReadMemory at 0x7fff544d0000 of 64 bytes failed: Only part of a ReadProcessMemory or WriteProcessMemory request was completed. (0x12B)
[1116/134639.169:WARNING:pe_image_reader.cc(340)] could not read dos header from C:\WINDOWS\SYSTEM32\CRYPTBASE.DLL
[1116/134639.188:ERROR:process_memory_win.cc(73)] ReadMemory at 0xe0883f8000 of 32768 bytes failed: Only part of a ReadProcessMemory or WriteProcessMemory request was completed. (0x12B)
[1116/134639.189:ERROR:process_memory_win.cc(73)] ReadMemory at 0xe088bfd000 of 12288 bytes failed: Only part of a ReadProcessMemory or WriteProcessMemory request was completed. (0x12B)
[1116/134639.189:ERROR:process_memory_win.cc(73)] ReadMemory at 0xe0893fd000 of 12288 bytes failed: Only part of a ReadProcessMemory or WriteProcessMemory request was completed. (0x12B)
[1116/134639.189:ERROR:process_memory_win.cc(73)] ReadMemory at 0xe089bfc000 of 16384 bytes failed: Only part of a ReadProcessMemory or WriteProcessMemory request was completed. (0x12B)
[1116/134639.189:ERROR:process_memory_win.cc(73)] ReadMemory at 0xe08a3fc000 of 16384 bytes failed: Only part of a ReadProcessMemory or WriteProcessMemory request was completed. (0x12B)
[1116/134639.190:ERROR:process_memory_win.cc(73)] ReadMemory at 0xe08abff000 of 4096 bytes failed: Only part of a ReadProcessMemory or WriteProcessMemory request was completed. (0x12B)
[1116/134639.190:ERROR:process_memory_win.cc(73)] ReadMemory at 0xe08b3fd000 of 12288 bytes failed: Only part of a ReadProcessMemory or WriteProcessMemory request was completed. (0x12B)
[1116/134639.190:ERROR:process_memory_win.cc(73)] ReadMemory at 0xe08bbfd000 of 12288 bytes failed: Only part of a ReadProcessMemory or WriteProcessMemory request was completed. (0x12B)
[1116/134639.190:ERROR:process_memory_win.cc(73)] ReadMemory at 0xe08c3fd000 of 12288 bytes failed: Only part of a ReadProcessMemory or WriteProcessMemory request was completed. (0x12B)
[1116/134639.190:ERROR:process_memory_win.cc(73)] ReadMemory at 0xe08cbfd000 of 12288 bytes failed: Only part of a ReadProcessMemory or WriteProcessMemory request was completed. (0x12B)
[1116/134639.190:ERROR:process_memory_win.cc(73)] ReadMemory at 0xe08d3fd000 of 12288 bytes failed: Only part of a ReadProcessMemory or WriteProcessMemory request was completed. (0x12B)
[1116/134639.191:ERROR:process_memory_win.cc(73)] ReadMemory at 0xe08dbfd000 of 12288 bytes failed: Only part of a ReadProcessMemory or WriteProcessMemory request was completed. (0x12B)
[1116/134639.191:ERROR:process_memory_win.cc(73)] ReadMemory at 0xe08e3fd000 of 12288 bytes failed: Only part of a ReadProcessMemory or WriteProcessMemory request was completed. (0x12B)
[1116/134639.191:ERROR:process_memory_win.cc(73)] ReadMemory at 0xe08ebfd000 of 12288 bytes failed: Only part of a ReadProcessMemory or WriteProcessMemory request was completed. (0x12B)
[1116/134639.191:ERROR:process_memory_win.cc(73)] ReadMemory at 0xe08f3fd000 of 12288 bytes failed: Only part of a ReadProcessMemory or WriteProcessMemory request was completed. (0x12B)
[1116/134639.191:ERROR:process_memory_win.cc(73)] ReadMemory at 0xe087acd000 of 852 bytes failed: Only part of a ReadProcessMemory or WriteProcessMemory request was completed. (0x12B)
[1116/134639.191:ERROR:process_memory_win.cc(73)] ReadMemory at 0xe087ace000 of 6024 bytes failed: Only part of a ReadProcessMemory or WriteProcessMemory request was completed. (0x12B)
[1116/134639.192:ERROR:process_memory_win.cc(73)] ReadMemory at 0xe087ad0000 of 6024 bytes failed: Only part of a ReadProcessMemory or WriteProcessMemory request was completed. (0x12B)
[1116/134639.192:ERROR:process_memory_win.cc(73)] ReadMemory at 0xe087ad2000 of 6024 bytes failed: Only part of a ReadProcessMemory or WriteProcessMemory request was completed. (0x12B)
[1116/134639.192:ERROR:process_memory_win.cc(73)] ReadMemory at 0xe087ad4000 of 6024 bytes failed: Only part of a ReadProcessMemory or WriteProcessMemory request was completed. (0x12B)
[1116/134639.192:ERROR:process_memory_win.cc(73)] ReadMemory at 0xe087ad6000 of 6024 bytes failed: Only part of a ReadProcessMemory or WriteProcessMemory request was completed. (0x12B)
[1116/134639.192:ERROR:process_memory_win.cc(73)] ReadMemory at 0xe087ad8000 of 6024 bytes failed: Only part of a ReadProcessMemory or WriteProcessMemory request was completed. (0x12B)
[1116/134639.192:ERROR:process_memory_win.cc(73)] ReadMemory at 0xe087ada000 of 6024 bytes failed: Only part of a ReadProcessMemory or WriteProcessMemory request was completed. (0x12B)
[1116/134639.193:ERROR:process_memory_win.cc(73)] ReadMemory at 0xe087adc000 of 6024 bytes failed: Only part of a ReadProcessMemory or WriteProcessMemory request was completed. (0x12B)
[1116/134639.193:ERROR:process_memory_win.cc(73)] ReadMemory at 0xe087ade000 of 6024 bytes failed: Only part of a ReadProcessMemory or WriteProcessMemory request was completed. (0x12B)
[1116/134639.193:ERROR:process_memory_win.cc(73)] ReadMemory at 0xe087ae0000 of 6024 bytes failed: Only part of a ReadProcessMemory or WriteProcessMemory request was completed. (0x12B)
[1116/134639.193:ERROR:process_memory_win.cc(73)] ReadMemory at 0xe087ae2000 of 6024 bytes failed: Only part of a ReadProcessMemory or WriteProcessMemory request was completed. (0x12B)
[1116/134639.193:ERROR:process_memory_win.cc(73)] ReadMemory at 0xe087ae4000 of 6024 bytes failed: Only part of a ReadProcessMemory or WriteProcessMemory request was completed. (0x12B)
[1116/134639.193:ERROR:process_memory_win.cc(73)] ReadMemory at 0xe087ae6000 of 6024 bytes failed: Only part of a ReadProcessMemory or WriteProcessMemory request was completed. (0x12B)
[1116/134639.194:ERROR:process_memory_win.cc(73)] ReadMemory at 0xe087ae8000 of 6024 bytes failed: Only part of a ReadProcessMemory or WriteProcessMemory request was completed. (0x12B)
[1116/134639.194:ERROR:process_memory_win.cc(73)] ReadMemory at 0xe087aea000 of 6024 bytes failed: Only part of a ReadProcessMemory or WriteProcessMemory request was completed. (0x12B)
[1116/134639.194:ERROR:process_memory_win.cc(73)] ReadMemory at 0x294e1720fe0 of 6236 bytes failed: Only part of a ReadProcessMemory or WriteProcessMemory request was completed. (0x12B)
[1116/134639.194:ERROR:process_memory_win.cc(73)] ReadMemory at 0x294e1722850 of 1012 bytes failed: Only part of a ReadProcessMemory or WriteProcessMemory request was completed. (0x12B)
[1116/134639.194:ERROR:process_memory_win.cc(73)] ReadMemory at 0x294e1722e98 of 118 bytes failed: Only part of a ReadProcessMemory or WriteProcessMemory request was completed. (0x12B)
[1116/134639.194:ERROR:process_memory_win.cc(73)] ReadMemory at 0x294e1722f10 of 860 bytes failed: Only part of a ReadProcessMemory or WriteProcessMemory request was completed. (0x12B)
[1116/134639.194:ERROR:process_memory_win.cc(73)] ReadMemory at 0x294e172326e of 118 bytes failed: Only part of a ReadProcessMemory or WriteProcessMemory request was completed. (0x12B)
[1116/134639.195:ERROR:process_memory_win.cc(73)] ReadMemory at 0x294e17232e6 of 96 bytes failed: Only part of a ReadProcessMemory or WriteProcessMemory request was completed. (0x12B)
[1116/134639.195:ERROR:process_memory_win.cc(73)] ReadMemory at 0x294e1723360 of 58 bytes failed: Only part of a ReadProcessMemory or WriteProcessMemory request was completed. (0x12B)
[1116/134639.195:ERROR:process_memory_win.cc(73)] ReadMemory at 0x294e1723460 of 132 bytes failed: Only part of a ReadProcessMemory or WriteProcessMemory request was completed. (0x12B)
[1116/134639.195:ERROR:process_memory_win.cc(73)] ReadMemory at 0x294e17235f0 of 132 bytes failed: Only part of a ReadProcessMemory or WriteProcessMemory request was completed. (0x12B)
[1116/134639.195:ERROR:process_memory_win.cc(73)] ReadMemory at 0x294e17237b0 of 124 bytes failed: Only part of a ReadProcessMemory or WriteProcessMemory request was completed. (0x12B)
[1116/134639.195:ERROR:process_memory_win.cc(73)] ReadMemory at 0x294e1723b90 of 132 bytes failed: Only part of a ReadProcessMemory or WriteProcessMemory request was completed. (0x12B)
[1116/134639.195:ERROR:process_memory_win.cc(73)] ReadMemory at 0x294e1723d20 of 64 bytes failed: Only part of a ReadProcessMemory or WriteProcessMemory request was completed. (0x12B)
[1116/134639.195:ERROR:process_memory_win.cc(73)] ReadMemory at 0x294e1723d70 of 132 bytes failed: Only part of a ReadProcessMemory or WriteProcessMemory request was completed. (0x12B)
[1116/134639.196:ERROR:process_memory_win.cc(73)] ReadMemory at 0x294e1723ee0 of 132 bytes failed: Only part of a ReadProcessMemory or WriteProcessMemory request was completed. (0x12B)
[1116/134639.196:ERROR:process_memory_win.cc(73)] ReadMemory at 0x294e1724180 of 132 bytes failed: Only part of a ReadProcessMemory or WriteProcessMemory request was completed. (0x12B)
[1116/134639.196:ERROR:process_memory_win.cc(73)] ReadMemory at 0x294e1724310 of 68 bytes failed: Only part of a ReadProcessMemory or WriteProcessMemory request was completed. (0x12B)
[1116/134639.196:ERROR:process_memory_win.cc(73)] ReadMemory at 0x294e1725410 of 132 bytes failed: Only part of a ReadProcessMemory or WriteProcessMemory request was completed. (0x12B)
[1116/134639.196:ERROR:process_memory_win.cc(73)] ReadMemory at 0x294e17255a0 of 152 bytes failed: Only part of a ReadProcessMemory or WriteProcessMemory request was completed. (0x12B)
[1116/134639.196:ERROR:process_memory_win.cc(73)] ReadMemory at 0x294e1726230 of 132 bytes failed: Only part of a ReadProcessMemory or WriteProcessMemory request was completed. (0x12B)
[1116/134639.196:ERROR:process_memory_win.cc(73)] ReadMemory at 0x294e1726430 of 62 bytes failed: Only part of a ReadProcessMemory or WriteProcessMemory request was completed. (0x12B)
[1116/134639.197:ERROR:process_memory_win.cc(73)] ReadMemory at 0x294e1726480 of 132 bytes failed: Only part of a ReadProcessMemory or WriteProcessMemory request was completed. (0x12B)
[1116/134639.197:ERROR:process_memory_win.cc(73)] ReadMemory at 0x294e1726620 of 132 bytes failed: Only part of a ReadProcessMemory or WriteProcessMemory request was completed. (0x12B)
[1116/134639.197:ERROR:process_memory_win.cc(73)] ReadMemory at 0x294e1726750 of 60 bytes failed: Only part of a ReadProcessMemory or WriteProcessMemory request was completed. (0x12B)
[1116/134639.197:ERROR:process_memory_win.cc(73)] ReadMemory at 0x294e1729d70 of 132 bytes failed: Only part of a ReadProcessMemory or WriteProcessMemory request was completed. (0x12B)
[1116/134639.197:ERROR:process_memory_win.cc(73)] ReadMemory at 0x294e172ae40 of 132 bytes failed: Only part of a ReadProcessMemory or WriteProcessMemory request was completed. (0x12B)
[1116/134639.197:ERROR:process_memory_win.cc(73)] ReadMemory at 0x294e172afd0 of 80 bytes failed: Only part of a ReadProcessMemory or WriteProcessMemory request was completed. (0x12B)
[1116/134639.197:ERROR:process_memory_win.cc(73)] ReadMemory at 0x294e172b320 of 64 bytes failed: Only part of a ReadProcessMemory or WriteProcessMemory request was completed. (0x12B)
[1116/134639.197:ERROR:process_memory_win.cc(73)] ReadMemory at 0x294e172b3c0 of 66 bytes failed: Only part of a ReadProcessMemory or WriteProcessMemory request was completed. (0x12B)
[1116/134639.198:ERROR:process_memory_win.cc(73)] ReadMemory at 0x294e172b410 of 64 bytes failed: Only part of a ReadProcessMemory or WriteProcessMemory request was completed. (0x12B)
[1116/134639.198:ERROR:process_memory_win.cc(73)] ReadMemory at 0x294e172b460 of 62 bytes failed: Only part of a ReadProcessMemory or WriteProcessMemory request was completed. (0x12B)
[1116/134639.198:ERROR:process_memory_win.cc(73)] ReadMemory at 0x294e172b4b0 of 60 bytes failed: Only part of a ReadProcessMemory or WriteProcessMemory request was completed. (0x12B)
[1116/134639.198:ERROR:process_memory_win.cc(73)] ReadMemory at 0x294e172b550 of 64 bytes failed: Only part of a ReadProcessMemory or WriteProcessMemory request was completed. (0x12B)
[1116/134639.198:ERROR:process_memory_win.cc(73)] ReadMemory at 0x294e172b5a0 of 60 bytes failed: Only part of a ReadProcessMemory or WriteProcessMemory request was completed. (0x12B)
[1116/134639.198:ERROR:process_memory_win.cc(73)] ReadMemory at 0x294e172b640 of 62 bytes failed: Only part of a ReadProcessMemory or WriteProcessMemory request was completed. (0x12B)
[1116/134639.198:ERROR:process_memory_win.cc(73)] ReadMemory at 0x294e172b820 of 64 bytes failed: Only part of a ReadProcessMemory or WriteProcessMemory request was completed. (0x12B)
[1116/134639.198:ERROR:process_memory_win.cc(73)] ReadMemory at 0x294e172c3e0 of 76 bytes failed: Only part of a ReadProcessMemory or WriteProcessMemory request was completed. (0x12B)
[1116/134639.198:ERROR:process_memory_win.cc(73)] ReadMemory at 0x294e172d050 of 512 bytes failed: Only part of a ReadProcessMemory or WriteProcessMemory request was completed. (0x12B)
[1116/134639.198:ERROR:process_memory_win.cc(73)] ReadMemory at 0x294e172e550 of 156 bytes failed: Only part of a ReadProcessMemory or WriteProcessMemory request was completed. (0x12B)
[1116/134639.199:ERROR:process_memory_win.cc(73)] ReadMemory at 0x294e172fac0 of 132 bytes failed: Only part of a ReadProcessMemory or WriteProcessMemory request was completed. (0x12B)
[1116/134639.199:ERROR:process_memory_win.cc(73)] ReadMemory at 0x294e172fe10 of 132 bytes failed: Only part of a ReadProcessMemory or WriteProcessMemory request was completed. (0x12B)
[1116/134639.199:ERROR:process_memory_win.cc(73)] ReadMemory at 0x294e1730b40 of 54 bytes failed: Only part of a ReadProcessMemory or WriteProcessMemory request was completed. (0x12B)
[1116/134639.199:ERROR:process_memory_win.cc(73)] ReadMemory at 0x294e1732d50 of 132 bytes failed: Only part of a ReadProcessMemory or WriteProcessMemory request was completed. (0x12B)
[1116/134639.199:ERROR:process_memory_win.cc(73)] ReadMemory at 0x294e1732e80 of 132 bytes failed: Only part of a ReadProcessMemory or WriteProcessMemory request was completed. (0x12B)
[1116/134639.199:ERROR:process_memory_win.cc(73)] ReadMemory at 0x294e1733160 of 132 bytes failed: Only part of a ReadProcessMemory or WriteProcessMemory request was completed. (0x12B)
[1116/134639.199:ERROR:process_memory_win.cc(73)] ReadMemory at 0x294e1734d30 of 132 bytes failed: Only part of a ReadProcessMemory or WriteProcessMemory request was completed. (0x12B)
[1116/134639.199:ERROR:process_memory_win.cc(73)] ReadMemory at 0x294e1734f90 of 132 bytes failed: Only part of a ReadProcessMemory or WriteProcessMemory request was completed. (0x12B)
[1116/134639.199:ERROR:process_memory_win.cc(73)] ReadMemory at 0x294e17350c0 of 132 bytes failed: Only part of a ReadProcessMemory or WriteProcessMemory request was completed. (0x12B)
[1116/134639.200:ERROR:process_memory_win.cc(73)] ReadMemory at 0x294e17351f0 of 132 bytes failed: Only part of a ReadProcessMemory or WriteProcessMemory request was completed. (0x12B)
[1116/134639.200:ERROR:process_memory_win.cc(73)] ReadMemory at 0x294e1735320 of 132 bytes failed: Only part of a ReadProcessMemory or WriteProcessMemory request was completed. (0x12B)
[1116/134639.200:ERROR:process_memory_win.cc(73)] ReadMemory at 0x294e1735450 of 132 bytes failed: Only part of a ReadProcessMemory or WriteProcessMemory request was completed. (0x12B)
[1116/134639.200:ERROR:process_memory_win.cc(73)] ReadMemory at 0x294e1735580 of 132 bytes failed: Only part of a ReadProcessMemory or WriteProcessMemory request was completed. (0x12B)
[1116/134639.200:ERROR:process_memory_win.cc(73)] ReadMemory at 0x294e17356b0 of 132 bytes failed: Only part of a ReadProcessMemory or WriteProcessMemory request was completed. (0x12B)
[1116/134639.200:ERROR:process_memory_win.cc(73)] ReadMemory at 0x294e17357e0 of 132 bytes failed: Only part of a ReadProcessMemory or WriteProcessMemory request was completed. (0x12B)
[1116/134639.200:ERROR:process_memory_win.cc(73)] ReadMemory at 0x294e1735910 of 132 bytes failed: Only part of a ReadProcessMemory or WriteProcessMemory request was completed. (0x12B)
[1116/134639.201:ERROR:process_memory_win.cc(73)] ReadMemory at 0x294e1735a40 of 132 bytes failed: Only part of a ReadProcessMemory or WriteProcessMemory request was completed. (0x12B)
[1116/134639.201:ERROR:process_memory_win.cc(73)] ReadMemory at 0x294e1735b70 of 132 bytes failed: Only part of a ReadProcessMemory or WriteProcessMemory request was completed. (0x12B)
[1116/134639.201:ERROR:process_memory_win.cc(73)] ReadMemory at 0x294e1736180 of 62 bytes failed: Only part of a ReadProcessMemory or WriteProcessMemory request was completed. (0x12B)
[1116/134639.202:ERROR:process_memory_win.cc(73)] ReadMemory at 0x294e1736220 of 60 bytes failed: Only part of a ReadProcessMemory or WriteProcessMemory request was completed. (0x12B)
[1116/134639.202:ERROR:process_memory_win.cc(73)] ReadMemory at 0x294e1736270 of 64 bytes failed: Only part of a ReadProcessMemory or WriteProcessMemory request was completed. (0x12B)
[1116/134639.202:ERROR:process_memory_win.cc(73)] ReadMemory at 0x294e17362c0 of 64 bytes failed: Only part of a ReadProcessMemory or WriteProcessMemory request was completed. (0x12B)
[1116/134639.202:ERROR:process_memory_win.cc(73)] ReadMemory at 0x294e1736310 of 62 bytes failed: Only part of a ReadProcessMemory or WriteProcessMemory request was completed. (0x12B)
[1116/134639.202:ERROR:process_memory_win.cc(73)] ReadMemory at 0x294e1736450 of 64 bytes failed: Only part of a ReadProcessMemory or WriteProcessMemory request was completed. (0x12B)
[1116/134639.202:ERROR:process_memory_win.cc(73)] ReadMemory at 0x294e17364a0 of 60 bytes failed: Only part of a ReadProcessMemory or WriteProcessMemory request was completed. (0x12B)
[1116/134639.203:ERROR:process_memory_win.cc(73)] ReadMemory at 0x294e17365e0 of 60 bytes failed: Only part of a ReadProcessMemory or WriteProcessMemory request was completed. (0x12B)
[1116/134639.203:ERROR:process_memory_win.cc(73)] ReadMemory at 0x294e1736630 of 58 bytes failed: Only part of a ReadProcessMemory or WriteProcessMemory request was completed. (0x12B)
[1116/134639.203:ERROR:process_memory_win.cc(73)] ReadMemory at 0x294e17367c0 of 62 bytes failed: Only part of a ReadProcessMemory or WriteProcessMemory request was completed. (0x12B)
[1116/134639.203:ERROR:process_memory_win.cc(73)] ReadMemory at 0x294e1736810 of 66 bytes failed: Only part of a ReadProcessMemory or WriteProcessMemory request was completed. (0x12B)
[1116/134639.203:ERROR:process_memory_win.cc(73)] ReadMemory at 0x294e1736860 of 62 bytes failed: Only part of a ReadProcessMemory or WriteProcessMemory request was completed. (0x12B)
[1116/134639.204:ERROR:process_memory_win.cc(73)] ReadMemory at 0x294e17368b0 of 60 bytes failed: Only part of a ReadProcessMemory or WriteProcessMemory request was completed. (0x12B)
[1116/134639.204:ERROR:process_memory_win.cc(73)] ReadMemory at 0x294e1736900 of 62 bytes failed: Only part of a ReadProcessMemory or WriteProcessMemory request was completed. (0x12B)
[1116/134639.204:ERROR:process_memory_win.cc(73)] ReadMemory at 0x294e1736950 of 64 bytes failed: Only part of a ReadProcessMemory or WriteProcessMemory request was completed. (0x12B)
[1116/134639.204:ERROR:process_memory_win.cc(73)] ReadMemory at 0x294e17369f0 of 62 bytes failed: Only part of a ReadProcessMemory or WriteProcessMemory request was completed. (0x12B)
[1116/134639.204:ERROR:process_memory_win.cc(73)] ReadMemory at 0x294e1736ae0 of 62 bytes failed: Only part of a ReadProcessMemory or WriteProcessMemory request was completed. (0x12B)
[1116/134639.204:ERROR:process_memory_win.cc(73)] ReadMemory at 0x294e1736b30 of 62 bytes failed: Only part of a ReadProcessMemory or WriteProcessMemory request was completed. (0x12B)
[1116/134639.204:ERROR:process_memory_win.cc(73)] ReadMemory at 0x294e1737970 of 132 bytes failed: Only part of a ReadProcessMemory or WriteProcessMemory request was completed. (0x12B)
[1116/134639.204:ERROR:process_memory_win.cc(73)] ReadMemory at 0x294e1737e30 of 132 bytes failed: Only part of a ReadProcessMemory or WriteProcessMemory request was completed. (0x12B)
[1116/134639.204:ERROR:process_memory_win.cc(73)] ReadMemory at 0x294e1738420 of 132 bytes failed: Only part of a ReadProcessMemory or WriteProcessMemory request was completed. (0x12B)
[1116/134639.205:ERROR:process_memory_win.cc(73)] ReadMemory at 0x294e1738680 of 132 bytes failed: Only part of a ReadProcessMemory or WriteProcessMemory request was completed. (0x12B)
[1116/134639.205:ERROR:process_memory_win.cc(73)] ReadMemory at 0x294e1738a10 of 132 bytes failed: Only part of a ReadProcessMemory or WriteProcessMemory request was completed. (0x12B)
[1116/134639.205:ERROR:process_memory_win.cc(73)] ReadMemory at 0x294e1738da0 of 132 bytes failed: Only part of a ReadProcessMemory or WriteProcessMemory request was completed. (0x12B)
[1116/134639.205:ERROR:process_memory_win.cc(73)] ReadMemory at 0x294e1738ed0 of 132 bytes failed: Only part of a ReadProcessMemory or WriteProcessMemory request was completed. (0x12B)
[1116/134639.205:ERROR:process_memory_win.cc(73)] ReadMemory at 0x294e1739390 of 132 bytes failed: Only part of a ReadProcessMemory or WriteProcessMemory request was completed. (0x12B)
[1116/134639.205:ERROR:process_memory_win.cc(73)] ReadMemory at 0x294e17395f0 of 132 bytes failed: Only part of a ReadProcessMemory or WriteProcessMemory request was completed. (0x12B)
[1116/134639.205:ERROR:process_memory_win.cc(73)] ReadMemory at 0x294e173a320 of 512 bytes failed: Only part of a ReadProcessMemory or WriteProcessMemory request was completed. (0x12B)
[1116/134639.205:ERROR:process_memory_win.cc(73)] ReadMemory at 0x294e1a0b540 of 512 bytes failed: Only part of a ReadProcessMemory or WriteProcessMemory request was completed. (0x12B)
[1116/134639.205:ERROR:process_memory_win.cc(73)] ReadMemory at 0x294e1a134d0 of 512 bytes failed: Only part of a ReadProcessMemory or WriteProcessMemory request was completed. (0x12B)
[1116/134639.205:ERROR:process_memory_win.cc(73)] ReadMemory at 0x294e1a14520 of 512 bytes failed: Only part of a ReadProcessMemory or WriteProcessMemory request was completed. (0x12B)
[1116/134639.206:ERROR:process_memory_win.cc(73)] ReadMemory at 0x294e1a14760 of 512 bytes failed: Only part of a ReadProcessMemory or WriteProcessMemory request was completed. (0x12B)
[1116/134639.206:ERROR:process_memory_win.cc(73)] ReadMemory at 0x294e1a15f60 of 512 bytes failed: Only part of a ReadProcessMemory or WriteProcessMemory request was completed. (0x12B)
[1116/134639.206:ERROR:process_memory_win.cc(73)] ReadMemory at 0x294e1a242a0 of 712 bytes failed: Only part of a ReadProcessMemory or WriteProcessMemory request was completed. (0x12B)
[1116/134639.206:ERROR:process_memory_win.cc(73)] ReadMemory at 0x294e1a49338 of 656 bytes failed: Only part of a ReadProcessMemory or WriteProcessMemory request was completed. (0x12B)
[1116/134639.206:ERROR:process_memory_win.cc(73)] ReadMemory at 0x294e1a49728 of 512 bytes failed: Only part of a ReadProcessMemory or WriteProcessMemory request was completed. (0x12B)
[1116/134639.206:ERROR:process_memory_win.cc(73)] ReadMemory at 0x294e1a49ba8 of 512 bytes failed: Only part of a ReadProcessMemory or WriteProcessMemory request was completed. (0x12B)
[1116/134639.206:ERROR:process_memory_win.cc(73)] ReadMemory at 0x294e1a4a4a8 of 512 bytes failed: Only part of a ReadProcessMemory or WriteProcessMemory request was completed. (0x12B)
[1116/134639.206:ERROR:process_memory_win.cc(73)] ReadMemory at 0x294e1a5af50 of 512 bytes failed: Only part of a ReadProcessMemory or WriteProcessMemory request was completed. (0x12B)
[1116/134639.207:ERROR:process_memory_win.cc(73)] ReadMemory at 0x294e38eff50 of 512 bytes failed: Only part of a ReadProcessMemory or WriteProcessMemory request was completed. (0x12B)
[1116/134639.207:ERROR:process_memory_win.cc(73)] ReadMemory at 0x294e38f4f50 of 512 bytes failed: Only part of a ReadProcessMemory or WriteProcessMemory request was completed. (0x12B)
[1116/134639.207:ERROR:process_memory_win.cc(73)] ReadMemory at 0x294e38f5f50 of 512 bytes failed: Only part of a ReadProcessMemory or WriteProcessMemory request was completed. (0x12B)
[1116/134639.207:ERROR:process_memory_win.cc(73)] ReadMemory at 0x294e391d3f0 of 512 bytes failed: Only part of a ReadProcessMemory or WriteProcessMemory request was completed. (0x12B)
[1116/134639.207:ERROR:process_memory_win.cc(73)] ReadMemory at 0x294e46a4ff8 of 512 bytes failed: Only part of a ReadProcessMemory or WriteProcessMemory request was completed. (0x12B)
[1116/134639.207:ERROR:process_memory_win.cc(73)] ReadMemory at 0x294e46dd5f0 of 512 bytes failed: Only part of a ReadProcessMemory or WriteProcessMemory request was completed. (0x12B)
[1116/134639.207:ERROR:process_memory_win.cc(73)] ReadMemory at 0x7ffed02fc64c of 512 bytes failed: Only part of a ReadProcessMemory or WriteProcessMemory request was completed. (0x12B)
[1116/134639.207:ERROR:process_memory_win.cc(73)] ReadMemory at 0x7ffed0a65204 of 553 bytes failed: Only part of a ReadProcessMemory or WriteProcessMemory request was completed. (0x12B)
[1116/134639.208:ERROR:process_memory_win.cc(73)] ReadMemory at 0x7ffed3a33250 of 512 bytes failed: Only part of a ReadProcessMemory or WriteProcessMemory request was completed. (0x12B)
[1116/134639.208:ERROR:process_memory_win.cc(73)] ReadMemory at 0x7fff55aab6d0 of 512 bytes failed: Only part of a ReadProcessMemory or WriteProcessMemory request was completed. (0x12B)
[1116/134639.208:ERROR:process_memory_win.cc(73)] ReadMemory at 0x7fff57cfc0c4 of 672 bytes failed: Only part of a ReadProcessMemory or WriteProcessMemory request was completed. (0x12B)
[1116/134639.208:ERROR:process_memory_win.cc(73)] ReadMemory at 0x7fff57cfc6c4 of 512 bytes failed: Only part of a ReadProcessMemory or WriteProcessMemory request was completed. (0x12B)
[1116/134639.209:ERROR:process_memory_win.cc(73)] ReadMemory at 0x7fff57cff974 of 608 bytes failed: Only part of a ReadProcessMemory or WriteProcessMemory request was completed. (0x12B)
[1116/134639.209:ERROR:process_memory_win.cc(73)] ReadMemory at 0x7fff57d8c428 of 18 bytes failed: Only part of a ReadProcessMemory or WriteProcessMemory request was completed. (0x12B)
[1116/134639.209:ERROR:process_memory_win.cc(73)] ReadMemory at 0x7fff57dbf4f8 of 40 bytes failed: Only part of a ReadProcessMemory or WriteProcessMemory request was completed. (0x12B)
[1116/134639.209:ERROR:process_memory_win.cc(73)] ReadMemory at 0x7fff57dbf978 of 48 bytes failed: Only part of a ReadProcessMemory or WriteProcessMemory request was completed. (0x12B)
[1116/134639.209:ERROR:process_memory_win.cc(73)] ReadMemory at 0x7fff57dc53c0 of 64 bytes failed: Only part of a ReadProcessMemory or WriteProcessMemory request was completed. (0x12B)
[1116/134639.213:ERROR:scoped_process_suspend.cc(40)] NtResumeProcess: An attempt was made to access an exiting process. (0xc000010a)
